[2019-07-08T18:12:28.951] [ERROR] cheese - ReferenceError: ctx is not defined
    at IndexController.indexAction (/Users/star/weakMap/yd-web-back/dist/controllers/IndexController.js:49:5)
    at memberInvoker (/Users/star/weakMap/yd-web-back/node_modules/_awilix-koa@3.1.0@awilix-koa/lib/invokers.js:85:45)
    at dispatch (/Users/star/weakMap/yd-web-back/node_modules/_koa-compose@3.2.1@koa-compose/index.js:44:32)
    at next (/Users/star/weakMap/yd-web-back/node_modules/_koa-compose@3.2.1@koa-compose/index.js:45:18)
    at /Users/star/weakMap/yd-web-back/node_modules/_koa-router@7.4.0@koa-router/lib/router.js:346:16
    at dispatch (/Users/star/weakMap/yd-web-back/node_modules/_koa-compose@3.2.1@koa-compose/index.js:44:32)
    at /Users/star/weakMap/yd-web-back/node_modules/_koa-compose@3.2.1@koa-compose/index.js:36:12
    at dispatch (/Users/star/weakMap/yd-web-back/node_modules/_koa-router@7.4.0@koa-router/lib/router.js:351:31)
    at dispatch (/Users/star/weakMap/yd-web-back/node_modules/_koa-compose@4.1.0@koa-compose/index.js:42:32)
    at /Users/star/weakMap/yd-web-back/node_modules/_koa-compose@4.1.0@koa-compose/index.js:34:12
[2019-07-08T18:12:30.401] [ERROR] cheese - ReferenceError: ctx is not defined
    at IndexController.indexAction (/Users/star/weakMap/yd-web-back/dist/controllers/IndexController.js:49:5)
    at memberInvoker (/Users/star/weakMap/yd-web-back/node_modules/_awilix-koa@3.1.0@awilix-koa/lib/invokers.js:85:45)
    at dispatch (/Users/star/weakMap/yd-web-back/node_modules/_koa-compose@3.2.1@koa-compose/index.js:44:32)
    at next (/Users/star/weakMap/yd-web-back/node_modules/_koa-compose@3.2.1@koa-compose/index.js:45:18)
    at /Users/star/weakMap/yd-web-back/node_modules/_koa-router@7.4.0@koa-router/lib/router.js:346:16
    at dispatch (/Users/star/weakMap/yd-web-back/node_modules/_koa-compose@3.2.1@koa-compose/index.js:44:32)
    at /Users/star/weakMap/yd-web-back/node_modules/_koa-compose@3.2.1@koa-compose/index.js:36:12
    at dispatch (/Users/star/weakMap/yd-web-back/node_modules/_koa-router@7.4.0@koa-router/lib/router.js:351:31)
    at dispatch (/Users/star/weakMap/yd-web-back/node_modules/_koa-compose@4.1.0@koa-compose/index.js:42:32)
    at /Users/star/weakMap/yd-web-back/node_modules/_koa-compose@4.1.0@koa-compose/index.js:34:12
[2019-07-08T18:13:23.585] [ERROR] cheese - ReferenceError: ctx is not defined
    at IndexController.indexAction (/Users/star/weakMap/yd-web-back/dist/controllers/IndexController.js:49:5)
    at memberInvoker (/Users/star/weakMap/yd-web-back/node_modules/_awilix-koa@3.1.0@awilix-koa/lib/invokers.js:85:45)
    at dispatch (/Users/star/weakMap/yd-web-back/node_modules/_koa-compose@3.2.1@koa-compose/index.js:44:32)
    at next (/Users/star/weakMap/yd-web-back/node_modules/_koa-compose@3.2.1@koa-compose/index.js:45:18)
    at /Users/star/weakMap/yd-web-back/node_modules/_koa-router@7.4.0@koa-router/lib/router.js:346:16
    at dispatch (/Users/star/weakMap/yd-web-back/node_modules/_koa-compose@3.2.1@koa-compose/index.js:44:32)
    at /Users/star/weakMap/yd-web-back/node_modules/_koa-compose@3.2.1@koa-compose/index.js:36:12
    at dispatch (/Users/star/weakMap/yd-web-back/node_modules/_koa-router@7.4.0@koa-router/lib/router.js:351:31)
    at dispatch (/Users/star/weakMap/yd-web-back/node_modules/_koa-compose@4.1.0@koa-compose/index.js:42:32)
    at /Users/star/weakMap/yd-web-back/node_modules/_koa-compose@4.1.0@koa-compose/index.js:34:12
[2019-07-08T18:13:42.867] [ERROR] cheese - ReferenceError: ctx is not defined
    at IndexController.indexAction (/Users/star/weakMap/yd-web-back/dist/controllers/IndexController.js:49:5)
    at memberInvoker (/Users/star/weakMap/yd-web-back/node_modules/_awilix-koa@3.1.0@awilix-koa/lib/invokers.js:85:45)
    at dispatch (/Users/star/weakMap/yd-web-back/node_modules/_koa-compose@3.2.1@koa-compose/index.js:44:32)
    at next (/Users/star/weakMap/yd-web-back/node_modules/_koa-compose@3.2.1@koa-compose/index.js:45:18)
    at /Users/star/weakMap/yd-web-back/node_modules/_koa-router@7.4.0@koa-router/lib/router.js:346:16
    at dispatch (/Users/star/weakMap/yd-web-back/node_modules/_koa-compose@3.2.1@koa-compose/index.js:44:32)
    at /Users/star/weakMap/yd-web-back/node_modules/_koa-compose@3.2.1@koa-compose/index.js:36:12
    at dispatch (/Users/star/weakMap/yd-web-back/node_modules/_koa-router@7.4.0@koa-router/lib/router.js:351:31)
    at dispatch (/Users/star/weakMap/yd-web-back/node_modules/_koa-compose@4.1.0@koa-compose/index.js:42:32)
    at /Users/star/weakMap/yd-web-back/node_modules/_koa-compose@4.1.0@koa-compose/index.js:34:12
[2019-07-08T18:13:46.355] [ERROR] cheese - ReferenceError: ctx is not defined
    at IndexController.indexAction (/Users/star/weakMap/yd-web-back/dist/controllers/IndexController.js:49:5)
    at memberInvoker (/Users/star/weakMap/yd-web-back/node_modules/_awilix-koa@3.1.0@awilix-koa/lib/invokers.js:85:45)
    at dispatch (/Users/star/weakMap/yd-web-back/node_modules/_koa-compose@3.2.1@koa-compose/index.js:44:32)
    at next (/Users/star/weakMap/yd-web-back/node_modules/_koa-compose@3.2.1@koa-compose/index.js:45:18)
    at /Users/star/weakMap/yd-web-back/node_modules/_koa-router@7.4.0@koa-router/lib/router.js:346:16
    at dispatch (/Users/star/weakMap/yd-web-back/node_modules/_koa-compose@3.2.1@koa-compose/index.js:44:32)
    at /Users/star/weakMap/yd-web-back/node_modules/_koa-compose@3.2.1@koa-compose/index.js:36:12
    at dispatch (/Users/star/weakMap/yd-web-back/node_modules/_koa-router@7.4.0@koa-router/lib/router.js:351:31)
    at dispatch (/Users/star/weakMap/yd-web-back/node_modules/_koa-compose@4.1.0@koa-compose/index.js:42:32)
    at /Users/star/weakMap/yd-web-back/node_modules/_koa-compose@4.1.0@koa-compose/index.js:34:12
[2019-07-08T18:13:48.714] [ERROR] cheese - ReferenceError: ctx is not defined
    at IndexController.indexAction (/Users/star/weakMap/yd-web-back/dist/controllers/IndexController.js:49:5)
    at memberInvoker (/Users/star/weakMap/yd-web-back/node_modules/_awilix-koa@3.1.0@awilix-koa/lib/invokers.js:85:45)
    at dispatch (/Users/star/weakMap/yd-web-back/node_modules/_koa-compose@3.2.1@koa-compose/index.js:44:32)
    at next (/Users/star/weakMap/yd-web-back/node_modules/_koa-compose@3.2.1@koa-compose/index.js:45:18)
    at /Users/star/weakMap/yd-web-back/node_modules/_koa-router@7.4.0@koa-router/lib/router.js:346:16
    at dispatch (/Users/star/weakMap/yd-web-back/node_modules/_koa-compose@3.2.1@koa-compose/index.js:44:32)
    at /Users/star/weakMap/yd-web-back/node_modules/_koa-compose@3.2.1@koa-compose/index.js:36:12
    at dispatch (/Users/star/weakMap/yd-web-back/node_modules/_koa-router@7.4.0@koa-router/lib/router.js:351:31)
    at dispatch (/Users/star/weakMap/yd-web-back/node_modules/_koa-compose@4.1.0@koa-compose/index.js:42:32)
    at /Users/star/weakMap/yd-web-back/node_modules/_koa-compose@4.1.0@koa-compose/index.js:34:12
[2019-07-08T18:13:49.194] [ERROR] cheese - ReferenceError: ctx is not defined
    at IndexController.indexAction (/Users/star/weakMap/yd-web-back/dist/controllers/IndexController.js:49:5)
    at memberInvoker (/Users/star/weakMap/yd-web-back/node_modules/_awilix-koa@3.1.0@awilix-koa/lib/invokers.js:85:45)
    at dispatch (/Users/star/weakMap/yd-web-back/node_modules/_koa-compose@3.2.1@koa-compose/index.js:44:32)
    at next (/Users/star/weakMap/yd-web-back/node_modules/_koa-compose@3.2.1@koa-compose/index.js:45:18)
    at /Users/star/weakMap/yd-web-back/node_modules/_koa-router@7.4.0@koa-router/lib/router.js:346:16
    at dispatch (/Users/star/weakMap/yd-web-back/node_modules/_koa-compose@3.2.1@koa-compose/index.js:44:32)
    at /Users/star/weakMap/yd-web-back/node_modules/_koa-compose@3.2.1@koa-compose/index.js:36:12
    at dispatch (/Users/star/weakMap/yd-web-back/node_modules/_koa-router@7.4.0@koa-router/lib/router.js:351:31)
    at dispatch (/Users/star/weakMap/yd-web-back/node_modules/_koa-compose@4.1.0@koa-compose/index.js:42:32)
    at /Users/star/weakMap/yd-web-back/node_modules/_koa-compose@4.1.0@koa-compose/index.js:34:12
